{"/home/lepyavko.d/workshop/personal/codewars-playground/katas/spinWords/spinWords.ts": {"path":"/home/lepyavko.d/workshop/personal/codewars-playground/katas/spinWords/spinWords.ts","statementMap":{"0":{"start":{"line":2,"column":2},"end":{"line":2,"column":15}},"1":{"start":{"line":1,"column":0},"end":{"line":1,"column":16}}},"fnMap":{"0":{"name":"spinWords","decl":{"start":{"line":1,"column":16},"end":{"line":1,"column":25}},"loc":{"start":{"line":1,"column":39},"end":{"line":3,"column":1}}}},"branchMap":{},"s":{"0":1,"1":1},"f":{"0":1},"b":{}}
}
